<?xml version="1.0" encoding="UTF-8"?>
<testsuite xmlns:xsi="http://www.w3.org/2001/XMLSchema-instance" xsi:noNamespaceSchemaLocation="https://maven.apache.org/surefire/maven-surefire-plugin/xsd/surefire-test-report.xsd" name="UI.runner.RunnerClass" time="20.932" tests="1" errors="1" skipped="0" failures="0">
  <properties>
[...]
</properties>
  <testcase name="Add new user" classname="Add new user" time="15.996">
    <error message="Cannot find firefox binary in PATH. Make sure firefox is installed. OS appears to be: MAC&#10;Build info: version: &apos;4.1.1&apos;, revision: &apos;e8fcc2cecf&apos;&#10;System info: host: &apos;Aidar&apos;, ip: &apos;fe80:0:0:0:4b0:7ed6:cb39:3d1d%en0&apos;, os.name: &apos;Mac OS X&apos;, os.arch: &apos;x86_64&apos;, os.version: &apos;10.15.7&apos;, java.version: &apos;1.8.0_332&apos;&#10;Driver info: driver.version: Driver" type="org.openqa.selenium.WebDriverException">org.openqa.selenium.WebDriverException: 
Cannot find firefox binary in PATH. Make sure firefox is installed. OS appears to be: MAC
Build info: version: '4.1.1', revision: 'e8fcc2cecf'
System info: host: 'Aidar', ip: 'fe80:0:0:0:4b0:7ed6:cb39:3d1d%en0', os.name: 'Mac OS X', os.arch: 'x86_64', os.version: '10.15.7', java.version: '1.8.0_332'
Driver info: driver.version: Driver
</error>
    <system-out><![CDATA[
@Smoke
Scenario: Add new user                                                                          # src/test/resources/features/AddNewUser.feature:10
This is before
  Given on web talent                                                                           # UI.stepDefs.AddUserSteps.AddUserSteps.onWebTalent()
      org.openqa.selenium.WebDriverException: Cannot find firefox binary in PATH. Make sure firefox is installed. OS appears to be: MAC
Build info: version: '4.1.1', revision: 'e8fcc2cecf'
System info: host: 'Aidar', ip: 'fe80:0:0:0:4b0:7ed6:cb39:3d1d%en0', os.name: 'Mac OS X', os.arch: 'x86_64', os.version: '10.15.7', java.version: '1.8.0_332'
Driver info: driver.version: Driver
	at org.openqa.selenium.firefox.FirefoxBinary.<init>(FirefoxBinary.java:95)
	at java.util.Optional.orElseGet(Optional.java:267)
	at org.openqa.selenium.firefox.FirefoxOptions.getBinary(FirefoxOptions.java:189)
	at org.openqa.selenium.firefox.GeckoDriverService$Builder.withOptions(GeckoDriverService.java:179)
	at org.openqa.selenium.firefox.FirefoxDriver.toExecutor(FirefoxDriver.java:232)
	at org.openqa.selenium.firefox.FirefoxDriver.<init>(FirefoxDriver.java:186)
	at com.obtaincare.UI.utils.FireFoxWebDriver.loadFireFoxDriver(FireFoxWebDriver.java:16)
	at com.obtaincare.UI.utils.Driver.getDriver(Driver.java:26)
	at com.obtaincare.UI.pageObject.LoginPage.<init>(LoginPage.java:14)
	at UI.BaseTest.<init>(BaseTest.java:17)
	at UI.stepDefs.AddUserSteps.AddUserSteps.<init>(AddUserSteps.java:14)
	at sun.reflect.NativeConstructorAccessorImpl.newInstance0(Native Method)
	at sun.reflect.NativeConstructorAccessorImpl.newInstance(NativeConstructorAccessorImpl.java:62)
	at sun.reflect.DelegatingConstructorAccessorImpl.newInstance(DelegatingConstructorAccessorImpl.java:45)
	at java.lang.reflect.Constructor.newInstance(Constructor.java:423)
	at org.picocontainer.injectors.AbstractInjector.newInstance(AbstractInjector.java:145)
	at org.picocontainer.injectors.ConstructorInjector$1.run(ConstructorInjector.java:342)
	at org.picocontainer.injectors.AbstractInjector$ThreadLocalCyclicDependencyGuard.observe(AbstractInjector.java:270)
	at org.picocontainer.injectors.ConstructorInjector.getComponentInstance(ConstructorInjector.java:364)
	at org.picocontainer.injectors.AbstractInjectionFactory$LifecycleAdapter.getComponentInstance(AbstractInjectionFactory.java:56)
	at org.picocontainer.behaviors.AbstractBehavior.getComponentInstance(AbstractBehavior.java:64)
	at org.picocontainer.behaviors.Stored.getComponentInstance(Stored.java:91)
	at org.picocontainer.DefaultPicoContainer.getInstance(DefaultPicoContainer.java:699)
	at org.picocontainer.DefaultPicoContainer.getComponent(DefaultPicoContainer.java:647)
	at org.picocontainer.DefaultPicoContainer.getComponent(DefaultPicoContainer.java:678)
	at io.cucumber.picocontainer.PicoFactory.getInstance(PicoFactory.java:49)
	at io.cucumber.java.AbstractGlueDefinition.invokeMethod(AbstractGlueDefinition.java:47)
	at io.cucumber.java.JavaStepDefinition.execute(JavaStepDefinition.java:29)
	at io.cucumber.core.runner.CoreStepDefinition.execute(CoreStepDefinition.java:66)
	at io.cucumber.core.runner.PickleStepDefinitionMatch.runStep(PickleStepDefinitionMatch.java:63)
	at io.cucumber.core.runner.ExecutionMode$1.execute(ExecutionMode.java:10)
	at io.cucumber.core.runner.TestStep.executeStep(TestStep.java:86)
	at io.cucumber.core.runner.TestStep.run(TestStep.java:57)
	at io.cucumber.core.runner.PickleStepTestStep.run(PickleStepTestStep.java:51)
	at io.cucumber.core.runner.TestCase.run(TestCase.java:95)
	at io.cucumber.core.runner.Runner.runPickle(Runner.java:75)
	at io.cucumber.junit.PickleRunners$NoStepDescriptions.lambda$run$0(PickleRunners.java:151)
	at io.cucumber.core.runtime.CucumberExecutionContext.lambda$runTestCase$3(CucumberExecutionContext.java:110)
	at io.cucumber.core.runtime.RethrowingThrowableCollector.executeAndThrow(RethrowingThrowableCollector.java:23)
	at io.cucumber.core.runtime.CucumberExecutionContext.runTestCase(CucumberExecutionContext.java:110)
	at io.cucumber.junit.PickleRunners$NoStepDescriptions.run(PickleRunners.java:148)
	at io.cucumber.junit.FeatureRunner.runChild(FeatureRunner.java:144)
	at io.cucumber.junit.FeatureRunner.runChild(FeatureRunner.java:28)
	at org.junit.runners.ParentRunner$4.run(ParentRunner.java:331)
	at org.junit.runners.ParentRunner$1.schedule(ParentRunner.java:79)
	at org.junit.runners.ParentRunner.runChildren(ParentRunner.java:329)
	at org.junit.runners.ParentRunner.access$100(ParentRunner.java:66)
	at org.junit.runners.ParentRunner$2.evaluate(ParentRunner.java:293)
	at org.junit.runners.ParentRunner$3.evaluate(ParentRunner.java:306)
	at org.junit.runners.ParentRunner.run(ParentRunner.java:413)
	at io.cucumber.junit.FeatureRunner.run(FeatureRunner.java:137)
	at io.cucumber.junit.Cucumber.runChild(Cucumber.java:196)
	at io.cucumber.junit.Cucumber.runChild(Cucumber.java:89)
	at org.junit.runners.ParentRunner$4.run(ParentRunner.java:331)
	at org.junit.runners.ParentRunner$1.schedule(ParentRunner.java:79)
	at org.junit.runners.ParentRunner.runChildren(ParentRunner.java:329)
	at org.junit.runners.ParentRunner.access$100(ParentRunner.java:66)
	at org.junit.runners.ParentRunner$2.evaluate(ParentRunner.java:293)
	at io.cucumber.junit.Cucumber$RunBeforeAllHooks.evaluate(Cucumber.java:266)
	at io.cucumber.junit.Cucumber$RunAfterAllHooks.evaluate(Cucumber.java:281)
	at io.cucumber.junit.Cucumber$StartTestRun.evaluate(Cucumber.java:233)
	at io.cucumber.junit.Cucumber$FinishTestRun.evaluate(Cucumber.java:248)
	at org.junit.runners.ParentRunner$3.evaluate(ParentRunner.java:306)
	at org.junit.runners.ParentRunner.run(ParentRunner.java:413)
	at org.apache.maven.surefire.junit4.JUnit4Provider.execute(JUnit4Provider.java:365)
	at org.apache.maven.surefire.junit4.JUnit4Provider.executeWithRerun(JUnit4Provider.java:273)
	at org.apache.maven.surefire.junit4.JUnit4Provider.executeTestSet(JUnit4Provider.java:238)
	at org.apache.maven.surefire.junit4.JUnit4Provider.invoke(JUnit4Provider.java:159)
	at org.apache.maven.surefire.booter.ForkedBooter.invokeProviderInSameClassLoader(ForkedBooter.java:379)
	at org.apache.maven.surefire.booter.ForkedBooter.runSuitesInProcess(ForkedBooter.java:340)
	at org.apache.maven.surefire.booter.ForkedBooter.execute(ForkedBooter.java:125)
	at org.apache.maven.surefire.booter.ForkedBooter.main(ForkedBooter.java:413)

  Given login with following credentials as admin:                                              # UI.stepDefs.AddUserSteps.LoginAdminSteps.login_with_following_credentials_as_admin(io.cucumber.datatable.DataTable)
    | aidar3107 | Aidar548889 |
  Then admin clicked on TalentlmsHome button                                                    # UI.stepDefs.AddUserSteps.HomePageSteps.adminClickedOnTalentlmsHomeButton()
  When admin clicks on Add user button                                                          # UI.stepDefs.AddUserSteps.HomePageSteps.admin_clicks_on_add_user_button()
  Then admin should see "Home / Users / Add user" page                                          # UI.stepDefs.AddUserSteps.AddUserSteps.admin_should_see_page(java.lang.String)
  When admin fills input fields with following new user info:                                   # UI.stepDefs.AddUserSteps.AddUserSteps.admin_fills_input_fields_with_following_new_user_info(io.cucumber.datatable.DataTable)
    | Vitalkae | Buterinkae | vitalyeETH@gmail.com | evitalyBTC | Bitcoin.1000 | BTC dump | Learner-Type | (GMT +06:00) Almaty | English |
  Then user should see confirmation alert with text "Success! Do you want to add another user?" # UI.stepDefs.AddUserSteps.CoursesPageSteps.user_should_see_confirmation_alert_with_text(java.lang.String)
  And admin clicked info button                                                                 # UI.stepDefs.AddUserSteps.CoursesPageSteps.adminClickedInfoButton()
  Then admin should see created user's userInfo                                                 # UI.stepDefs.AddUserSteps.InfoUserAssert.adminShouldSeeCreatedUserSUserInfo()
  And admin clicked courses button                                                              # UI.stepDefs.AddUserSteps.InfoUserAssert.adminClickedCoursesButton()
  When admin chooses all courses                                                                # UI.stepDefs.AddUserSteps.CoursesPageSteps.admin_chooses_all_courses()
  And admin clicks Users button on header                                                       # UI.stepDefs.AddUserSteps.CoursesPageSteps.admin_clicks_users_button_on_header()
  Then admin should see information of new user                                                 # UI.stepDefs.AddUserSteps.UsersPageSteps.admin_should_see_information_of_new_user()

    Embedding screenshot [image/png 4164 bytes]

]]></system-out>
    <system-err><![CDATA[??? 26, 2022 10:13:06 PM org.openqa.selenium.remote.tracing.opentelemetry.OpenTelemetryTracer createTracer
INFO: Using OpenTelemetry for tracing
SLF4J: Failed to load class "org.slf4j.impl.StaticLoggerBinder".
SLF4J: Defaulting to no-operation (NOP) logger implementation
SLF4J: See http://www.slf4j.org/codes.html#StaticLoggerBinder for further details.
??? 26, 2022 10:13:18 PM org.openqa.selenium.remote.ProtocolHandshake createSession
INFO: Detected dialect: W3C
]]></system-err>
  </testcase>
</testsuite>