<?xml version="1.0" encoding="UTF-8"?>
<testsuite xmlns:xsi="http://www.w3.org/2001/XMLSchema-instance" xsi:noNamespaceSchemaLocation="https://maven.apache.org/surefire/maven-surefire-plugin/xsd/surefire-test-report.xsd" name="Add new user" time="80.889" tests="1" errors="1" skipped="0" failures="0">
  <properties>
[...]
</properties>
  <testcase name="Add new user" classname="Add new user" time="80.889">
    <error message="Expected condition failed: waiting for visibility of Proxy element for: DefaultElementLocator &apos;By.xpath: //input[@name=&apos;name&apos;]&apos; (tried for 10 second(s) with 500 milliseconds interval)" type="org.openqa.selenium.TimeoutException">org.openqa.selenium.TimeoutException: Expected condition failed: waiting for visibility of Proxy element for: DefaultElementLocator 'By.xpath: //input[@name='name']' (tried for 10 second(s) with 500 milliseconds interval)
Caused by: org.openqa.selenium.NoSuchElementException: 
no such element: Unable to locate element: {"method":"xpath","selector":"//input[@name='name']"}
  (Session info: chrome=103.0.5060.134)
For documentation on this error, please visit: https://selenium.dev/exceptions/#no_such_element
Build info: version: '4.1.1', revision: 'e8fcc2cecf'
System info: host: 'Aidar', ip: 'fe80:0:0:0:1c22:9c80:4905:a123%en0', os.name: 'Mac OS X', os.arch: 'x86_64', os.version: '10.15.7', java.version: '1.8.0_332'
Driver info: org.openqa.selenium.chrome.ChromeDriver
Command: [c0499b4122e4d6c040c3b8b27b3451e8, findElement {using=xpath, value=//input[@name='name']}]
Capabilities {acceptInsecureCerts: false, browserName: chrome, browserVersion: 103.0.5060.134, chrome: {chromedriverVersion: 103.0.5060.134 (8ec6fce403b..., userDataDir: /var/folders/wv/vp9vn6211lj...}, goog:chromeOptions: {debuggerAddress: localhost:58851}, javascriptEnabled: true, networkConnectionEnabled: false, pageLoadStrategy: normal, platform: MAC, platformName: MAC, proxy: Proxy(), se:cdp: ws://localhost:58851/devtoo..., se:cdpVersion: 103.0.5060.134, setWindowRect: true, strictFileInteractability: false, timeouts: {implicit: 0, pageLoad: 300000, script: 30000}, unhandledPromptBehavior: dismiss and notify, webauthn:extension:credBlob: true, webauthn:extension:largeBlob: true, webauthn:virtualAuthenticators: true}
Session ID: c0499b4122e4d6c040c3b8b27b3451e8
</error>
    <system-out><![CDATA[????????????????????????????????????????????????????????????????????????????
? View your Cucumber Report at:                                            ?
? https://reports.cucumber.io/reports/a442d270-acf4-49d4-bd73-f25832460bc3 ?
?                                                                          ?
? This report will self-destruct in 24h.                                   ?
? Keep reports forever: https://reports.cucumber.io/profile                ?
????????????????????????????????????????????????????????????????????????????
@Smoke
Scenario: Add new user                                          # src/test/resources/features/AddNewUser.feature:10
Started in thread: 13, in JVM: 20602@Aidar
This is before
[DEBUG] 2022-08-02 13:24:07.930 [pool-1-thread-1] InternalLoggerFactory - Using Log4J2 as the default logging framework
[DEBUG] 2022-08-02 13:24:07.967 [pool-1-thread-1] ResourceLeakDetector - -Dio.netty.leakDetection.level: simple
[DEBUG] 2022-08-02 13:24:07.968 [pool-1-thread-1] ResourceLeakDetector - -Dio.netty.leakDetection.targetRecords: 4
[DEBUG] 2022-08-02 13:24:07.984 [pool-1-thread-1] ResourceLeakDetectorFactory - Loaded default ResourceLeakDetector: io.netty.util.ResourceLeakDetector@45412d5b
[DEBUG] 2022-08-02 13:24:08.077 [pool-1-thread-1] PlatformDependent0 - -Dio.netty.noUnsafe: false
[DEBUG] 2022-08-02 13:24:08.078 [pool-1-thread-1] PlatformDependent0 - Java version: 8
[DEBUG] 2022-08-02 13:24:08.081 [pool-1-thread-1] PlatformDependent0 - sun.misc.Unsafe.theUnsafe: available
[DEBUG] 2022-08-02 13:24:08.082 [pool-1-thread-1] PlatformDependent0 - sun.misc.Unsafe.copyMemory: available
[DEBUG] 2022-08-02 13:24:08.083 [pool-1-thread-1] PlatformDependent0 - java.nio.Buffer.address: available
[DEBUG] 2022-08-02 13:24:08.084 [pool-1-thread-1] PlatformDependent0 - direct buffer constructor: available
[DEBUG] 2022-08-02 13:24:08.087 [pool-1-thread-1] PlatformDependent0 - java.nio.Bits.unaligned: available, true
[DEBUG] 2022-08-02 13:24:08.087 [pool-1-thread-1] PlatformDependent0 - jdk.internal.misc.Unsafe.allocateUninitializedArray(int): unavailable prior to Java9
[DEBUG] 2022-08-02 13:24:08.087 [pool-1-thread-1] PlatformDependent0 - java.nio.DirectByteBuffer.<init>(long, int): available
[DEBUG] 2022-08-02 13:24:08.087 [pool-1-thread-1] PlatformDependent - sun.misc.Unsafe: available
[DEBUG] 2022-08-02 13:24:08.088 [pool-1-thread-1] PlatformDependent - -Dio.netty.tmpdir: /var/folders/wv/vp9vn6211lj5200tnf32ybsm0000gn/T (java.io.tmpdir)
[DEBUG] 2022-08-02 13:24:08.088 [pool-1-thread-1] PlatformDependent - -Dio.netty.bitMode: 64 (sun.arch.data.model)
[DEBUG] 2022-08-02 13:24:08.088 [pool-1-thread-1] PlatformDependent - Platform: MacOS
[DEBUG] 2022-08-02 13:24:08.091 [pool-1-thread-1] PlatformDependent - -Dio.netty.maxDirectMemory: 954728448 bytes
[DEBUG] 2022-08-02 13:24:08.091 [pool-1-thread-1] PlatformDependent - -Dio.netty.uninitializedArrayAllocationThreshold: -1
[DEBUG] 2022-08-02 13:24:08.096 [pool-1-thread-1] CleanerJava6 - java.nio.ByteBuffer.cleaner(): available
[DEBUG] 2022-08-02 13:24:08.096 [pool-1-thread-1] PlatformDependent - -Dio.netty.noPreferDirect: false
[DEBUG] 2022-08-02 13:24:08.122 [pool-1-thread-1] PlatformDependent - org.jctools-core.MpscChunkedArrayQueue: available
[DEBUG] 2022-08-02 13:24:08.259 [pool-1-thread-1] InternalThreadLocalMap - -Dio.netty.threadLocalMap.stringBuilder.initialSize: 1024
[DEBUG] 2022-08-02 13:24:08.259 [pool-1-thread-1] InternalThreadLocalMap - -Dio.netty.threadLocalMap.stringBuilder.maxSize: 4096
[DEBUG] 2022-08-02 13:24:08.338 [pool-1-thread-1] JdkSslContext - Default protocols (JDK): [TLSv1.2, TLSv1.1, TLSv1] 
[DEBUG] 2022-08-02 13:24:08.338 [pool-1-thread-1] JdkSslContext - Default cipher suites (JDK): [TLS_ECDHE_ECDSA_WITH_AES_256_GCM_SHA384, TLS_ECDHE_ECDSA_WITH_AES_128_GCM_SHA256, TLS_ECDHE_RSA_WITH_AES_128_GCM_SHA256, TLS_ECDHE_RSA_WITH_AES_256_GCM_SHA384, TLS_ECDHE_RSA_WITH_AES_128_CBC_SHA, TLS_ECDHE_RSA_WITH_AES_256_CBC_SHA, TLS_RSA_WITH_AES_128_GCM_SHA256, TLS_RSA_WITH_AES_128_CBC_SHA, TLS_RSA_WITH_AES_256_CBC_SHA, TLS_AES_128_GCM_SHA256, TLS_AES_256_GCM_SHA384]
[DEBUG] 2022-08-02 13:24:08.498 [pool-1-thread-1] MultithreadEventLoopGroup - -Dio.netty.eventLoopThreads: 8
[DEBUG] 2022-08-02 13:24:08.535 [pool-1-thread-1] NioEventLoop - -Dio.netty.noKeySetOptimization: false
[DEBUG] 2022-08-02 13:24:08.535 [pool-1-thread-1] NioEventLoop - -Dio.netty.selectorAutoRebuildThreshold: 512
[DEBUG] 2022-08-02 13:24:08.677 [pool-1-thread-1] PooledByteBufAllocator - -Dio.netty.allocator.numHeapArenas: 8
[DEBUG] 2022-08-02 13:24:08.677 [pool-1-thread-1] PooledByteBufAllocator - -Dio.netty.allocator.numDirectArenas: 8
[DEBUG] 2022-08-02 13:24:08.678 [pool-1-thread-1] PooledByteBufAllocator - -Dio.netty.allocator.pageSize: 8192
[DEBUG] 2022-08-02 13:24:08.678 [pool-1-thread-1] PooledByteBufAllocator - -Dio.netty.allocator.maxOrder: 11
[DEBUG] 2022-08-02 13:24:08.679 [pool-1-thread-1] PooledByteBufAllocator - -Dio.netty.allocator.chunkSize: 16777216
[DEBUG] 2022-08-02 13:24:08.679 [pool-1-thread-1] PooledByteBufAllocator - -Dio.netty.allocator.smallCacheSize: 256
[DEBUG] 2022-08-02 13:24:08.679 [pool-1-thread-1] PooledByteBufAllocator - -Dio.netty.allocator.normalCacheSize: 64
[DEBUG] 2022-08-02 13:24:08.679 [pool-1-thread-1] PooledByteBufAllocator - -Dio.netty.allocator.maxCachedBufferCapacity: 32768
[DEBUG] 2022-08-02 13:24:08.679 [pool-1-thread-1] PooledByteBufAllocator - -Dio.netty.allocator.cacheTrimInterval: 8192
[DEBUG] 2022-08-02 13:24:08.680 [pool-1-thread-1] PooledByteBufAllocator - -Dio.netty.allocator.cacheTrimIntervalMillis: 0
[DEBUG] 2022-08-02 13:24:08.680 [pool-1-thread-1] PooledByteBufAllocator - -Dio.netty.allocator.useCacheForAllThreads: true
[DEBUG] 2022-08-02 13:24:08.680 [pool-1-thread-1] PooledByteBufAllocator - -Dio.netty.allocator.maxCachedByteBuffersPerChunk: 1023
[DEBUG] 2022-08-02 13:24:08.725 [pool-1-thread-1] ByteBufUtil - -Dio.netty.allocator.type: pooled
[DEBUG] 2022-08-02 13:24:08.726 [pool-1-thread-1] ByteBufUtil - -Dio.netty.threadLocalDirectBufferSize: 0
[DEBUG] 2022-08-02 13:24:08.726 [pool-1-thread-1] ByteBufUtil - -Dio.netty.maxThreadLocalCharBufferSize: 16384
[DEBUG] 2022-08-02 13:24:09.906 [Forwarding newSession on session null to remote] DefaultChannelId - -Dio.netty.processId: 20602 (auto-detected)
[DEBUG] 2022-08-02 13:24:09.913 [Forwarding newSession on session null to remote] NetUtil - -Djava.net.preferIPv4Stack: false
[DEBUG] 2022-08-02 13:24:09.913 [Forwarding newSession on session null to remote] NetUtil - -Djava.net.preferIPv6Addresses: false
[DEBUG] 2022-08-02 13:24:09.922 [Forwarding newSession on session null to remote] NetUtilInitializations - Loopback interface: lo0 (lo0, 0:0:0:0:0:0:0:1%lo0)
[DEBUG] 2022-08-02 13:24:09.923 [Forwarding newSession on session null to remote] NetUtil - Failed to get SOMAXCONN from sysctl and file /proc/sys/net/core/somaxconn. Default: 128
[DEBUG] 2022-08-02 13:24:09.927 [Forwarding newSession on session null to remote] DefaultChannelId - -Dio.netty.machineId: e0:ac:cb:ff:fe:74:9a:f0 (auto-detected)
[DEBUG] 2022-08-02 13:24:10.121 [AsyncHttpClient-1-2] AbstractByteBuf - -Dio.netty.buffer.checkAccessible: true
[DEBUG] 2022-08-02 13:24:10.122 [AsyncHttpClient-1-2] AbstractByteBuf - -Dio.netty.buffer.checkBounds: true
[DEBUG] 2022-08-02 13:24:10.123 [AsyncHttpClient-1-2] ResourceLeakDetectorFactory - Loaded default ResourceLeakDetector: io.netty.util.ResourceLeakDetector@308ae84e
[DEBUG] 2022-08-02 13:24:10.201 [AsyncHttpClient-1-2] Recycler - -Dio.netty.recycler.maxCapacityPerThread: 4096
[DEBUG] 2022-08-02 13:24:10.202 [AsyncHttpClient-1-2] Recycler - -Dio.netty.recycler.maxSharedCapacityFactor: 2
[DEBUG] 2022-08-02 13:24:10.202 [AsyncHttpClient-1-2] Recycler - -Dio.netty.recycler.linkCapacity: 16
[DEBUG] 2022-08-02 13:24:10.202 [AsyncHttpClient-1-2] Recycler - -Dio.netty.recycler.ratio: 8
[DEBUG] 2022-08-02 13:24:10.202 [AsyncHttpClient-1-2] Recycler - -Dio.netty.recycler.delayedQueue.ratio: 8
[DEBUG] 2022-08-02 13:24:14.140 [AsyncHttpClient-1-2] Brotli - brotli4j not in the classpath; Brotli support will be unavailable.
[DEBUG] 2022-08-02 13:24:14.921 [pool-1-thread-1] ThreadLocalRandom - -Dio.netty.initialSeedUniquifier: 0xeee40b402decb316
  Given on web talent                                           # UI.stepDefs.AddUserSteps.AddUserSteps.onWebTalent()
[INFO ] 2022-08-02 13:24:19.592 [pool-1-thread-1] Helper - Write aidar3107 this text in [[ChromeDriver: chrome on MAC (c0499b4122e4d6c040c3b8b27b3451e8)] -> xpath: //input[@name='login']] element
[INFO ] 2022-08-02 13:24:19.609 [pool-1-thread-1] Helper - Waiting to element to be Displayed[[ChromeDriver: chrome on MAC (c0499b4122e4d6c040c3b8b27b3451e8)] -> xpath: //input[@name='login']]
[INFO ] 2022-08-02 13:24:20.065 [pool-1-thread-1] Helper - Write Aidar548889 this text in [[ChromeDriver: chrome on MAC (c0499b4122e4d6c040c3b8b27b3451e8)] -> xpath: //input[@name='password']] element
[INFO ] 2022-08-02 13:24:20.076 [pool-1-thread-1] Helper - Waiting to element to be Displayed[[ChromeDriver: chrome on MAC (c0499b4122e4d6c040c3b8b27b3451e8)] -> xpath: //input[@name='password']]
[INFO ] 2022-08-02 13:24:20.281 [pool-1-thread-1] Helper - Clicked element [[ChromeDriver: chrome on MAC (c0499b4122e4d6c040c3b8b27b3451e8)] -> xpath: //input[@name='submit']]
[INFO ] 2022-08-02 13:24:20.294 [pool-1-thread-1] Helper - Waiting to element to be Displayed[[ChromeDriver: chrome on MAC (c0499b4122e4d6c040c3b8b27b3451e8)] -> xpath: //input[@name='submit']]
[INFO ] 2022-08-02 13:24:20.338 [pool-1-thread-1] Helper - Waiting to element to be clickable[[ChromeDriver: chrome on MAC (c0499b4122e4d6c040c3b8b27b3451e8)] -> xpath: //input[@name='submit']]
  Given login with following credentials as admin:              # UI.stepDefs.AddUserSteps.LoginAdminSteps.login_with_following_credentials_as_admin(io.cucumber.datatable.DataTable)
    | aidar3107 | Aidar548889 |
[INFO ] 2022-08-02 13:24:23.598 [pool-1-thread-1] Helper - Clicked element [[ChromeDriver: chrome on MAC (c0499b4122e4d6c040c3b8b27b3451e8)] -> xpath: //a[@href='https://aidar.talentlms.com/dashboard']]
[INFO ] 2022-08-02 13:24:23.608 [pool-1-thread-1] Helper - Waiting to element to be Displayed[[ChromeDriver: chrome on MAC (c0499b4122e4d6c040c3b8b27b3451e8)] -> xpath: //a[@href='https://aidar.talentlms.com/dashboard']]
[INFO ] 2022-08-02 13:24:23.667 [pool-1-thread-1] Helper - Waiting to element to be clickable[[ChromeDriver: chrome on MAC (c0499b4122e4d6c040c3b8b27b3451e8)] -> xpath: //a[@href='https://aidar.talentlms.com/dashboard']]
  Then admin clicked on TalentlmsHome button                    # UI.stepDefs.AddUserSteps.HomePageSteps.adminClickedOnTalentlmsHomeButton()
[INFO ] 2022-08-02 13:24:25.707 [pool-1-thread-1] Helper - Clicked element [[ChromeDriver: chrome on MAC (c0499b4122e4d6c040c3b8b27b3451e8)] -> xpath: (//a[@href='https://aidar.talentlms.com/user/create'])[2]]
[INFO ] 2022-08-02 13:24:25.724 [pool-1-thread-1] Helper - Waiting to element to be Displayed[[ChromeDriver: chrome on MAC (c0499b4122e4d6c040c3b8b27b3451e8)] -> xpath: (//a[@href='https://aidar.talentlms.com/user/create'])[2]]
[INFO ] 2022-08-02 13:24:25.806 [pool-1-thread-1] Helper - Waiting to element to be clickable[[ChromeDriver: chrome on MAC (c0499b4122e4d6c040c3b8b27b3451e8)] -> xpath: (//a[@href='https://aidar.talentlms.com/user/create'])[2]]
  When admin clicks on Add user button                          # UI.stepDefs.AddUserSteps.HomePageSteps.admin_clicks_on_add_user_button()
[INFO ] 2022-08-02 13:24:28.525 [pool-1-thread-1] AddUserPage - Getting text with helper class
[INFO ] 2022-08-02 13:24:28.553 [pool-1-thread-1] Helper - Get text from element [[ChromeDriver: chrome on MAC (c0499b4122e4d6c040c3b8b27b3451e8)] -> xpath: //div[@class="tl-title tl-ellipsis"]]
  Then admin should see "Home / Users / Add user" page          # UI.stepDefs.AddUserSteps.AddUserSteps.admin_should_see_page(java.lang.String)
[INFO ] 2022-08-02 13:24:28.719 [pool-1-thread-1] Helper - Write Aidar this text in [[ChromeDriver: chrome on MAC (c0499b4122e4d6c040c3b8b27b3451e8)] -> xpath: //input[@name='name']] element
[INFO ] 2022-08-02 13:24:28.735 [pool-1-thread-1] Helper - Waiting to element to be Displayed[[ChromeDriver: chrome on MAC (c0499b4122e4d6c040c3b8b27b3451e8)] -> xpath: //input[@name='name']]
[INFO ] 2022-08-02 13:24:28.905 [pool-1-thread-1] Helper - Write Askeev this text in [[ChromeDriver: chrome on MAC (c0499b4122e4d6c040c3b8b27b3451e8)] -> xpath: //input[@name='surname']] element
[INFO ] 2022-08-02 13:24:28.918 [pool-1-thread-1] Helper - Waiting to element to be Displayed[[ChromeDriver: chrome on MAC (c0499b4122e4d6c040c3b8b27b3451e8)] -> xpath: //input[@name='surname']]
[INFO ] 2022-08-02 13:24:29.169 [pool-1-thread-1] Helper - Write asakeBTCETH@gmail.com this text in [[ChromeDriver: chrome on MAC (c0499b4122e4d6c040c3b8b27b3451e8)] -> xpath: //input[@name='email']] element
[INFO ] 2022-08-02 13:24:29.185 [pool-1-thread-1] Helper - Waiting to element to be Displayed[[ChromeDriver: chrome on MAC (c0499b4122e4d6c040c3b8b27b3451e8)] -> xpath: //input[@name='email']]
[INFO ] 2022-08-02 13:24:29.593 [pool-1-thread-1] Helper - Delete all text in [[ChromeDriver: chrome on MAC (c0499b4122e4d6c040c3b8b27b3451e8)] -> xpath: //input[@name='login']] and write aidarkaBTCETHpushkathis text
[INFO ] 2022-08-02 13:24:29.907 [pool-1-thread-1] Helper - Write Bitcoin.1000 this text in [[ChromeDriver: chrome on MAC (c0499b4122e4d6c040c3b8b27b3451e8)] -> xpath: //input[@name='password']] element
[INFO ] 2022-08-02 13:24:29.931 [pool-1-thread-1] Helper - Waiting to element to be Displayed[[ChromeDriver: chrome on MAC (c0499b4122e4d6c040c3b8b27b3451e8)] -> xpath: //input[@name='password']]
[INFO ] 2022-08-02 13:24:30.148 [pool-1-thread-1] Helper - Write BTC dump this text in [[ChromeDriver: chrome on MAC (c0499b4122e4d6c040c3b8b27b3451e8)] -> xpath: //textarea[@name='description']] element
[INFO ] 2022-08-02 13:24:30.162 [pool-1-thread-1] Helper - Waiting to element to be Displayed[[ChromeDriver: chrome on MAC (c0499b4122e4d6c040c3b8b27b3451e8)] -> xpath: //textarea[@name='description']]
[INFO ] 2022-08-02 13:24:30.749 [pool-1-thread-1] Helper - Clicked element [[ChromeDriver: chrome on MAC (c0499b4122e4d6c040c3b8b27b3451e8)] -> xpath: //input[@name='submit_personal_details']]
[INFO ] 2022-08-02 13:24:30.759 [pool-1-thread-1] Helper - Waiting to element to be Displayed[[ChromeDriver: chrome on MAC (c0499b4122e4d6c040c3b8b27b3451e8)] -> xpath: //input[@name='submit_personal_details']]
[INFO ] 2022-08-02 13:24:30.817 [pool-1-thread-1] Helper - Waiting to element to be clickable[[ChromeDriver: chrome on MAC (c0499b4122e4d6c040c3b8b27b3451e8)] -> xpath: //input[@name='submit_personal_details']]
[DEBUG] 2022-08-02 13:24:42.716 [pool-1-thread-1] Helper - Sleep code 1000milliseconds
[INFO ] 2022-08-02 13:24:54.377 [pool-1-thread-1] Helper - Write Nikita this text in Proxy element for: DefaultElementLocator 'By.xpath: //input[@name='name']' element
[INFO ] 2022-08-02 13:25:04.449 [pool-1-thread-1] Helper - Waiting to element to be DisplayedProxy element for: DefaultElementLocator 'By.xpath: //input[@name='name']'
  When admin fills input fields with following new user info:   # UI.stepDefs.AddUserSteps.AddUserSteps.admin_fills_input_fields_with_following_new_user_info(io.cucumber.datatable.DataTable)
    | Aidar  | Askeev    | asakeBTCETH@gmail.com | aidarkaBTCETHpushka  | Bitcoin.1000 | BTC dump | Learner-Type | (GMT +06:00) Almaty | English |
    | Nikita | Cherevko  | nikitaMATIC@gmail.com | nikitosbarbodsMATIC�� | Ether.2000   | ETH PUMP | Learner-Type | (GMT +06:00) Almaty | English |
    | Asan   | Daniyarov | asankaDOT@gmail.com   | asankaDOT            | asanDoge.100 | ETH PUMP | Learner-Type | (GMT +06:00) Almaty | English |
      org.openqa.selenium.TimeoutException: Expected condition failed: waiting for visibility of Proxy element for: DefaultElementLocator 'By.xpath: //input[@name='name']' (tried for 10 second(s) with 500 milliseconds interval)
	at org.openqa.selenium.support.ui.WebDriverWait.timeoutException(WebDriverWait.java:138)
	at org.openqa.selenium.support.ui.FluentWait.until(FluentWait.java:231)
	at com.obtaincare.UI.helperMethods.Helper.waitElementToBeDisplayed(Helper.java:33)
	at com.obtaincare.UI.helperMethods.Helper.sendKeys(Helper.java:57)
	at com.obtaincare.UI.pageObject.AddUserObject.AddUserPage.inputFirstName(AddUserPage.java:62)
	at com.obtaincare.UI.pageObject.AddUserObject.AddUserPage.addingUserProcess(AddUserPage.java:117)
	at UI.stepDefs.AddUserSteps.AddUserSteps.admin_fills_input_fields_with_following_new_user_info(AddUserSteps.java:33)
	at ���.admin fills input fields with following new user info:(file:///Users/vasya/IdeaProjects/obtaincarUI/src/test/resources/features/AddNewUser.feature:14)
Caused by: org.openqa.selenium.NoSuchElementException: no such element: Unable to locate element: {"method":"xpath","selector":"//input[@name='name']"}
  (Session info: chrome=103.0.5060.134)
For documentation on this error, please visit: https://selenium.dev/exceptions/#no_such_element
Build info: version: '4.1.1', revision: 'e8fcc2cecf'
System info: host: 'Aidar', ip: 'fe80:0:0:0:1c22:9c80:4905:a123%en0', os.name: 'Mac OS X', os.arch: 'x86_64', os.version: '10.15.7', java.version: '1.8.0_332'
Driver info: org.openqa.selenium.chrome.ChromeDriver
Command: [c0499b4122e4d6c040c3b8b27b3451e8, findElement {using=xpath, value=//input[@name='name']}]
Capabilities {acceptInsecureCerts: false, browserName: chrome, browserVersion: 103.0.5060.134, chrome: {chromedriverVersion: 103.0.5060.134 (8ec6fce403b..., userDataDir: /var/folders/wv/vp9vn6211lj...}, goog:chromeOptions: {debuggerAddress: localhost:58851}, javascriptEnabled: true, networkConnectionEnabled: false, pageLoadStrategy: normal, platform: MAC, platformName: MAC, proxy: Proxy(), se:cdp: ws://localhost:58851/devtoo..., se:cdpVersion: 103.0.5060.134, setWindowRect: true, strictFileInteractability: false, timeouts: {implicit: 0, pageLoad: 300000, script: 30000}, unhandledPromptBehavior: dismiss and notify, webauthn:extension:credBlob: true, webauthn:extension:largeBlob: true, webauthn:virtualAuthenticators: true}
Session ID: c0499b4122e4d6c040c3b8b27b3451e8
	at sun.reflect.NativeConstructorAccessorImpl.newInstance0(Native Method)
	at sun.reflect.NativeConstructorAccessorImpl.newInstance(NativeConstructorAccessorImpl.java:62)
	at sun.reflect.DelegatingConstructorAccessorImpl.newInstance(DelegatingConstructorAccessorImpl.java:45)
	at java.lang.reflect.Constructor.newInstance(Constructor.java:423)
	at org.openqa.selenium.remote.codec.w3c.W3CHttpResponseCodec.createException(W3CHttpResponseCodec.java:200)
	at org.openqa.selenium.remote.codec.w3c.W3CHttpResponseCodec.decode(W3CHttpResponseCodec.java:133)
	at org.openqa.selenium.remote.codec.w3c.W3CHttpResponseCodec.decode(W3CHttpResponseCodec.java:53)
	at org.openqa.selenium.remote.HttpCommandExecutor.execute(HttpCommandExecutor.java:184)
	at org.openqa.selenium.remote.service.DriverCommandExecutor.invokeExecute(DriverCommandExecutor.java:167)
	at org.openqa.selenium.remote.service.DriverCommandExecutor.execute(DriverCommandExecutor.java:142)
	at org.openqa.selenium.remote.RemoteWebDriver.execute(RemoteWebDriver.java:543)
	at org.openqa.selenium.remote.ElementLocation$ElementFinder$2.findElement(ElementLocation.java:162)
	at org.openqa.selenium.remote.ElementLocation.findElement(ElementLocation.java:60)
	at org.openqa.selenium.remote.RemoteWebDriver.findElement(RemoteWebDriver.java:367)
	at org.openqa.selenium.remote.RemoteWebDriver.findElement(RemoteWebDriver.java:359)
	at org.openqa.selenium.support.pagefactory.DefaultElementLocator.findElement(DefaultElementLocator.java:70)
	at org.openqa.selenium.support.pagefactory.internal.LocatingElementHandler.invoke(LocatingElementHandler.java:39)
	at com.sun.proxy.$Proxy38.isDisplayed(Unknown Source)
	at org.openqa.selenium.support.ui.ExpectedConditions.elementIfVisible(ExpectedConditions.java:307)
	at org.openqa.selenium.support.ui.ExpectedConditions.access$000(ExpectedConditions.java:40)
	at org.openqa.selenium.support.ui.ExpectedConditions$10.apply(ExpectedConditions.java:293)
	at org.openqa.selenium.support.ui.ExpectedConditions$10.apply(ExpectedConditions.java:290)
	at org.openqa.selenium.support.ui.FluentWait.until(FluentWait.java:208)
	at com.obtaincare.UI.helperMethods.Helper.waitElementToBeDisplayed(Helper.java:33)
	at com.obtaincare.UI.helperMethods.Helper.sendKeys(Helper.java:57)
	at com.obtaincare.UI.pageObject.AddUserObject.AddUserPage.inputFirstName(AddUserPage.java:62)
	at com.obtaincare.UI.pageObject.AddUserObject.AddUserPage.addingUserProcess(AddUserPage.java:117)
	at UI.stepDefs.AddUserSteps.AddUserSteps.admin_fills_input_fields_with_following_new_user_info(AddUserSteps.java:33)
	at sun.reflect.NativeMethodAccessorImpl.invoke0(Native Method)
	at sun.reflect.NativeMethodAccessorImpl.invoke(NativeMethodAccessorImpl.java:62)
	at sun.reflect.DelegatingMethodAccessorImpl.invoke(DelegatingMethodAccessorImpl.java:43)
	at java.lang.reflect.Method.invoke(Method.java:498)
	at io.cucumber.java.Invoker.doInvoke(Invoker.java:66)
	at io.cucumber.java.Invoker.invoke(Invoker.java:24)
	at io.cucumber.java.AbstractGlueDefinition.invokeMethod(AbstractGlueDefinition.java:47)
	at io.cucumber.java.JavaStepDefinition.execute(JavaStepDefinition.java:29)
	at io.cucumber.core.runner.CoreStepDefinition.execute(CoreStepDefinition.java:66)
	at io.cucumber.core.runner.PickleStepDefinitionMatch.runStep(PickleStepDefinitionMatch.java:63)
	at io.cucumber.core.runner.ExecutionMode$1.execute(ExecutionMode.java:10)
	at io.cucumber.core.runner.TestStep.executeStep(TestStep.java:86)
	at io.cucumber.core.runner.TestStep.run(TestStep.java:57)
	at io.cucumber.core.runner.PickleStepTestStep.run(PickleStepTestStep.java:51)
	at io.cucumber.core.runner.TestCase.run(TestCase.java:95)
	at io.cucumber.core.runner.Runner.runPickle(Runner.java:75)
	at io.cucumber.junit.PickleRunners$NoStepDescriptions.lambda$run$0(PickleRunners.java:151)
	at io.cucumber.core.runtime.CucumberExecutionContext.lambda$runTestCase$3(CucumberExecutionContext.java:110)
	at io.cucumber.core.runtime.RethrowingThrowableCollector.executeAndThrow(RethrowingThrowableCollector.java:23)
	at io.cucumber.core.runtime.CucumberExecutionContext.runTestCase(CucumberExecutionContext.java:110)
	at io.cucumber.junit.PickleRunners$NoStepDescriptions.run(PickleRunners.java:148)
	at io.cucumber.junit.FeatureRunner.runChild(FeatureRunner.java:144)
	at io.cucumber.junit.FeatureRunner.runChild(FeatureRunner.java:28)
	at org.junit.runners.ParentRunner$4.run(ParentRunner.java:331)
	at org.junit.runners.ParentRunner$1.schedule(ParentRunner.java:79)
	at org.junit.runners.ParentRunner.runChildren(ParentRunner.java:329)
	at org.junit.runners.ParentRunner.access$100(ParentRunner.java:66)
	at org.junit.runners.ParentRunner$2.evaluate(ParentRunner.java:293)
	at org.junit.runners.ParentRunner$3.evaluate(ParentRunner.java:306)
	at org.junit.runners.ParentRunner.run(ParentRunner.java:413)
	at io.cucumber.junit.FeatureRunner.run(FeatureRunner.java:137)
	at io.cucumber.junit.Cucumber.runChild(Cucumber.java:196)
	at io.cucumber.junit.Cucumber.runChild(Cucumber.java:89)
	at org.junit.runners.ParentRunner$4.run(ParentRunner.java:331)
	at org.apache.maven.surefire.junitcore.pc.Scheduler$1.run(Scheduler.java:410)
	at java.util.concurrent.Executors$RunnableAdapter.call(Executors.java:511)
	at java.util.concurrent.FutureTask.run(FutureTask.java:266)
	at java.util.concurrent.ThreadPoolExecutor.runWorker(ThreadPoolExecutor.java:1149)
	at java.util.concurrent.ThreadPoolExecutor$Worker.run(ThreadPoolExecutor.java:624)
	at java.lang.Thread.run(Thread.java:750)

  And admin clicks Users button on header                       # UI.stepDefs.AddUserSteps.CoursesPageSteps.admin_clicks_users_button_on_header()
  Then admin should see information of new user                 # UI.stepDefs.AddUserSteps.UsersPageSteps.admin_should_see_information_of_new_user()
  And admin after create users must to delete all created Users # UI.stepDefs.AddUserSteps.UsersPageSteps.adminAfterCreateUsersMustToDeleteAllCreatedUsers()

    Embedding screenshot [image/png 105873 bytes]

]]></system-out>
    <system-err><![CDATA[SLF4J: Failed to load class "org.slf4j.impl.StaticLoggerBinder".
SLF4J: Defaulting to no-operation (NOP) logger implementation
SLF4J: See http://www.slf4j.org/codes.html#StaticLoggerBinder for further details.
Starting ChromeDriver 103.0.5060.134 (8ec6fce403b3feb0869b0732eda8bd95011d333c-refs/branch-heads/5060@{#1262}) on port 53857
Only local connections are allowed.
Please see https://chromedriver.chromium.org/security-considerations for suggestions on keeping ChromeDriver safe.
ChromeDriver was started successfully.
??? 02, 2022 1:24:14 PM org.openqa.selenium.remote.ProtocolHandshake createSession
INFO: Detected dialect: W3C
??? 02, 2022 1:24:15 PM org.openqa.selenium.devtools.CdpVersionFinder findNearestMatch
WARNING: Unable to find an exact match for CDP version 103, so returning the closest version found: a no-op implementation
??? 02, 2022 1:24:15 PM org.openqa.selenium.devtools.CdpVersionFinder findNearestMatch
INFO: Unable to find CDP implementation matching 103.
??? 02, 2022 1:24:15 PM org.openqa.selenium.chromium.ChromiumDriver lambda$new$3
WARNING: Unable to find version of CDP to use for . You may need to include a dependency on a specific version of the CDP using something similar to `org.seleniumhq.selenium:selenium-devtools-v86:4.1.1` where the version ("v86") matches the version of the chromium-based browser you're using and the version number of the artifact is the same as Selenium's.
]]></system-err>
  </testcase>
</testsuite>